TN:
SF:.ocularrc.js
FNF:0
FNH:0
DA:1,1
DA:3,1
LF:2
LH:2
BRF:0
BRH:0
end_of_record
TN:
SF:modules/dev-tools/node/aliases.js
FN:5,getModuleInfo
FN:22,getSubmodules
FN:28,(anonymous_2)
FN:43,getAliases
FNF:4
FNH:4
FNDA:4,getModuleInfo
FNDA:2,getSubmodules
FNDA:4,(anonymous_2)
FNDA:2,getAliases
DA:2,1
DA:3,1
DA:6,4
DA:7,4
DA:8,4
DA:9,4
DA:18,0
DA:23,2
DA:24,2
DA:26,2
DA:28,2
DA:29,4
DA:30,4
DA:31,4
DA:32,4
DA:36,0
DA:37,0
DA:40,2
DA:44,2
DA:45,2
DA:47,2
DA:48,4
DA:49,4
DA:50,4
DA:51,4
DA:53,0
DA:54,0
DA:58,2
DA:61,1
LF:29
LH:24
BRDA:6,0,0,4
BRDA:6,0,1,0
BRDA:26,1,0,2
BRDA:26,1,1,0
BRDA:31,2,0,4
BRDA:31,2,1,0
BRDA:43,3,0,2
BRDA:43,4,0,0
BRDA:50,5,0,4
BRDA:50,5,1,0
BRDA:53,6,0,0
BRDA:53,6,1,0
BRDA:54,7,0,0
BRDA:54,7,1,0
BRF:14
BRH:5
end_of_record
TN:
SF:modules/dev-tools/node/test.js
FN:25,resolveEntry
FN:29,runBrowserTest
FNF:2
FNH:1
FNDA:1,resolveEntry
FNDA:0,runBrowserTest
DA:4,1
DA:7,1
DA:9,1
DA:12,1
DA:13,1
DA:14,1
DA:16,0
DA:19,1
DA:20,1
DA:22,1
DA:23,1
DA:26,1
DA:30,0
DA:31,0
DA:33,0
DA:35,0
DA:36,0
DA:40,0
DA:43,1
DA:46,1
DA:47,1
DA:50,0
DA:52,0
DA:53,0
DA:54,0
DA:57,0
DA:58,0
DA:62,0
DA:69,0
DA:72,0
DA:78,0
DA:81,0
DA:82,0
DA:93,0
DA:94,0
DA:96,0
LF:36
LH:14
BRDA:22,0,0,1
BRDA:22,0,1,0
BRDA:30,1,0,0
BRDA:30,1,1,0
BRDA:35,2,0,0
BRDA:35,2,1,0
BRDA:43,3,0,1
BRDA:43,3,1,1
BRDA:43,3,2,0
BRDA:43,3,3,0
BRDA:43,3,4,0
BRDA:43,3,5,0
BRDA:43,3,6,0
BRDA:43,3,7,0
BRDA:81,4,0,0
BRDA:81,4,1,0
BRDA:93,5,0,0
BRDA:93,5,1,0
BRF:18
BRH:3
end_of_record
TN:
SF:modules/dev-tools/src/index.js
FNF:0
FNH:0
DA:1,1
LF:1
LH:1
BRF:0
BRH:0
end_of_record
TN:
SF:modules/dev-tools/src/configuration/get-babel-config.js
FN:53,getBabelConfig
FN:54,(anonymous_1)
FNF:2
FNH:1
FNDA:1,getBabelConfig
FNDA:0,(anonymous_1)
DA:5,1
DA:7,1
DA:11,1
DA:50,1
DA:53,1
DA:54,1
DA:55,1
DA:56,1
DA:57,1
DA:58,0
DA:61,1
DA:62,1
LF:12
LH:11
BRDA:53,0,0,1
BRDA:56,1,0,1
BRDA:56,1,1,1
BRDA:57,2,0,0
BRDA:57,2,1,1
BRF:5
BRH:4
end_of_record
TN:
SF:modules/dev-tools/src/configuration/get-eslint-config.js
FN:82,getReactConfig
FN:94,getESLintConfig
FNF:2
FNH:1
FNDA:0,getReactConfig
FNDA:1,getESLintConfig
DA:1,1
DA:3,1
DA:7,1
DA:83,0
DA:94,1
DA:95,1
DA:96,1
DA:97,1
DA:98,0
DA:102,1
LF:10
LH:8
BRDA:97,0,0,0
BRDA:97,0,1,1
BRF:2
BRH:1
end_of_record
TN:
SF:modules/dev-tools/src/configuration/get-prettier-config.js
FN:9,getPrettierConfig
FNF:1
FNH:1
FNDA:2,getPrettierConfig
DA:1,1
DA:9,1
DA:10,2
DA:11,2
LF:4
LH:4
BRF:0
BRH:0
end_of_record
TN:
SF:modules/dev-tools/src/configuration/get-webpack-config.js
FN:49,getWebpackConfig
FN:104,getEntryPoints
FNF:2
FNH:2
FNDA:1,getWebpackConfig
FNDA:1,getEntryPoints
DA:3,1
DA:4,1
DA:5,1
DA:6,1
DA:8,1
DA:42,1
DA:49,1
DA:50,1
DA:52,1
DA:54,1
DA:56,0
DA:72,0
DA:83,0
DA:96,1
DA:105,1
DA:106,1
DA:107,0
DA:109,1
DA:110,0
DA:112,1
LF:20
LH:15
BRDA:49,0,0,0
BRDA:49,1,0,1
BRDA:54,2,0,0
BRDA:54,2,1,0
BRDA:54,2,2,0
BRDA:54,2,3,0
BRDA:54,2,4,0
BRDA:54,2,5,0
BRDA:54,2,6,1
BRDA:62,3,0,0
BRDA:62,3,1,0
BRDA:105,4,0,1
BRDA:105,4,1,1
BRDA:106,5,0,0
BRDA:106,5,1,1
BRF:15
BRH:5
end_of_record
TN:
SF:modules/dev-tools/src/helpers/get-ocular-config.js
FN:8,getOcularConfig
FN:67,getUserConfig
FN:101,getValidPath
FN:102,(anonymous_3)
FNF:4
FNH:4
FNDA:2,getOcularConfig
FNDA:2,getUserConfig
FNDA:4,getValidPath
FNDA:4,(anonymous_3)
DA:3,1
DA:4,1
DA:5,1
DA:6,1
DA:8,1
DA:9,2
DA:11,2
DA:13,2
DA:47,2
DA:49,2
DA:54,2
DA:56,2
DA:68,2
DA:72,2
DA:73,2
DA:74,2
DA:75,2
DA:76,0
DA:79,2
DA:80,2
DA:81,0
DA:82,0
DA:83,0
DA:86,2
DA:87,2
DA:88,0
DA:89,0
DA:90,0
DA:94,2
DA:95,0
DA:98,2
DA:102,4
LF:32
LH:24
BRDA:8,0,0,1
BRDA:9,1,0,2
BRDA:9,1,1,2
BRDA:25,2,0,2
BRDA:25,2,1,0
BRDA:73,3,0,2
BRDA:73,3,1,0
BRDA:75,4,0,0
BRDA:75,4,1,2
BRDA:80,5,0,0
BRDA:80,5,1,2
BRDA:82,6,0,0
BRDA:82,6,1,0
BRDA:87,7,0,0
BRDA:87,7,1,2
BRDA:89,8,0,0
BRDA:89,8,1,0
BRDA:94,9,0,0
BRDA:94,9,1,2
BRF:19
BRH:9
end_of_record
TN:
SF:modules/dev-tools/src/ts-smoosh/log.js
FN:30,log
FN:31,logWithColor
FNF:2
FNH:2
FNDA:5,log
FNDA:7,logWithColor
DA:2,1
DA:31,5
DA:32,7
DA:36,1
LF:4
LH:4
BRF:0
BRH:0
end_of_record
TN:
SF:modules/dev-tools/src/ts-smoosh/smoosh.js
FN:15,smoosh
FN:26,returnSmooshed
FN:55,parseDts
FN:67,(anonymous_3)
FN:104,enrichJs
FN:111,(anonymous_5)
FN:117,(anonymous_6)
FN:143,(anonymous_7)
FN:145,(anonymous_8)
FN:146,visit
FN:150,(anonymous_10)
FN:150,(anonymous_11)
FN:151,(anonymous_12)
FN:181,(anonymous_13)
FN:217,(anonymous_14)
FN:256,(anonymous_15)
FN:283,cloneType
FN:295,getIdentifierName
FN:303,withoutJSDoc
FN:308,replaceExportDeclareType
FNF:20
FNH:19
FNDA:0,smoosh
FNDA:6,returnSmooshed
FNDA:7,parseDts
FNDA:21,(anonymous_3)
FNDA:6,enrichJs
FNDA:9,(anonymous_5)
FNDA:3,(anonymous_6)
FNDA:6,(anonymous_7)
FNDA:6,(anonymous_8)
FNDA:31,visit
FNDA:6,(anonymous_10)
FNDA:6,(anonymous_11)
FNDA:2,(anonymous_12)
FNDA:7,(anonymous_13)
FNDA:2,(anonymous_14)
FNDA:2,(anonymous_15)
FNDA:14,cloneType
FNDA:23,getIdentifierName
FNDA:6,withoutJSDoc
FNDA:6,replaceExportDeclareType
DA:1,1
DA:2,1
DA:3,1
DA:4,1
DA:6,1
DA:8,1
DA:10,1
DA:16,0
DA:18,0
DA:20,0
DA:21,0
DA:24,1
DA:27,6
DA:29,6
DA:31,6
DA:32,6
DA:34,6
DA:36,6
DA:44,6
DA:46,6
DA:48,6
DA:50,6
DA:56,7
DA:63,7
DA:64,7
DA:65,7
DA:67,7
DA:68,21
DA:70,21
DA:71,6
DA:73,6
DA:74,6
DA:76,15
DA:77,0
DA:78,0
DA:79,0
DA:81,15
DA:82,1
DA:83,1
DA:86,14
DA:88,4
DA:91,10
DA:92,0
DA:94,0
DA:96,10
DA:99,7
DA:101,7
DA:105,6
DA:111,6
DA:112,9
DA:116,9
DA:117,3
DA:118,3
DA:119,2
DA:120,2
DA:121,2
DA:122,2
DA:123,2
DA:124,2
DA:125,2
DA:126,0
DA:129,0
DA:131,2
DA:136,9
DA:137,7
DA:140,9
DA:143,6
DA:144,6
DA:145,6
DA:147,31
DA:148,31
DA:150,6
DA:152,2
DA:153,2
DA:157,2
DA:161,0
DA:164,2
DA:169,31
DA:170,10
DA:171,4
DA:172,4
DA:173,4
DA:174,4
DA:182,7
DA:197,0
DA:198,6
DA:199,5
DA:200,5
DA:204,5
DA:208,1
DA:218,2
DA:236,4
DA:244,0
DA:247,1
DA:250,21
DA:252,6
DA:256,6
DA:257,2
DA:271,6
DA:280,6
DA:284,14
DA:285,0
DA:287,14
DA:296,23
DA:302,1
DA:304,6
DA:309,6
DA:310,6
DA:311,6
DA:314,1
LF:110
LH:95
BRDA:15,0,0,0
BRDA:26,1,0,0
BRDA:29,2,0,5
BRDA:29,2,1,1
BRDA:50,3,0,6
BRDA:50,3,1,0
BRDA:70,4,0,6
BRDA:70,4,1,15
BRDA:76,5,0,0
BRDA:76,5,1,15
BRDA:81,6,0,1
BRDA:81,6,1,14
BRDA:86,7,0,4
BRDA:86,7,1,10
BRDA:91,8,0,0
BRDA:91,8,1,10
BRDA:116,9,0,3
BRDA:116,9,1,6
BRDA:117,10,0,3
BRDA:117,10,1,0
BRDA:118,11,0,2
BRDA:118,11,1,1
BRDA:125,12,0,0
BRDA:125,12,1,2
BRDA:136,13,0,7
BRDA:136,13,1,2
BRDA:149,14,0,31
BRDA:149,14,1,27
BRDA:150,15,0,6
BRDA:150,15,1,0
BRDA:157,16,0,0
BRDA:157,16,1,2
BRDA:169,17,0,10
BRDA:169,17,1,21
BRDA:170,18,0,4
BRDA:170,18,1,6
BRDA:173,19,0,4
BRDA:173,19,1,0
BRDA:198,20,0,5
BRDA:198,20,1,1
BRDA:200,21,0,5
BRDA:200,21,1,0
BRDA:204,22,0,1
BRDA:204,22,1,4
BRDA:205,23,0,5
BRDA:205,23,1,1
BRDA:284,24,0,0
BRDA:284,24,1,14
BRDA:287,25,0,7
BRDA:287,25,1,7
BRDA:287,26,0,14
BRDA:287,26,1,14
BRF:52
BRH:40
end_of_record
TN:
SF:modules/dev-tools/src/utils/utils.js
FN:1,shallowMerge
FNF:1
FNH:1
FNDA:2,shallowMerge
DA:2,2
DA:3,6
DA:4,6
DA:6,0
DA:9,2
DA:12,1
LF:6
LH:5
BRDA:3,0,0,6
BRDA:3,0,1,0
BRDA:3,1,0,6
BRDA:3,1,1,6
BRF:4
BRH:3
end_of_record
TN:
SF:modules/dev-tools/test/index.js
FNF:0
FNH:0
DA:1,1
LF:1
LH:1
BRF:0
BRH:0
end_of_record
TN:
SF:modules/dev-tools/test/node.js
FNF:0
FNH:0
DA:1,1
LF:1
LH:1
BRF:0
BRH:0
end_of_record
TN:
SF:modules/dev-tools/test/lib/configuration.spec.js
FN:1,(anonymous_0)
FN:1,(anonymous_1)
FN:1,(anonymous_2)
FN:1,(anonymous_3)
FN:1,(anonymous_4)
FN:9,(anonymous_5)
FN:10,(anonymous_6)
FN:10,(anonymous_7)
FNF:8
FNH:8
FNDA:1,(anonymous_0)
FNDA:2,(anonymous_1)
FNDA:2,(anonymous_2)
FNDA:2,(anonymous_3)
FNDA:2,(anonymous_4)
FNDA:1,(anonymous_5)
FNDA:1,(anonymous_6)
FNDA:1,(anonymous_7)
DA:1,2
DA:9,1
DA:10,1
DA:11,1
DA:13,1
DA:14,1
DA:16,1
DA:17,1
DA:19,1
DA:20,1
DA:22,1
DA:23,1
DA:25,1
LF:13
LH:13
BRF:0
BRH:0
end_of_record
TN:
SF:modules/dev-tools/test/lib/utils.spec.js
FN:1,(anonymous_0)
FN:1,(anonymous_1)
FN:4,(anonymous_2)
FNF:3
FNH:3
FNDA:2,(anonymous_0)
FNDA:2,(anonymous_1)
FNDA:1,(anonymous_2)
DA:1,2
DA:4,1
DA:5,1
DA:7,1
LF:4
LH:4
BRF:0
BRH:0
end_of_record
TN:
SF:modules/dev-tools/test/ts-smoosh/test.js
FN:13,(anonymous_0)
FN:15,(anonymous_1)
FN:19,(anonymous_2)
FN:20,(anonymous_3)
FN:21,(anonymous_4)
FNF:5
FNH:5
FNDA:5,(anonymous_0)
FNDA:5,(anonymous_1)
FNDA:24,(anonymous_2)
FNDA:6,(anonymous_3)
FNDA:6,(anonymous_4)
DA:1,1
DA:2,1
DA:3,1
DA:5,1
DA:6,1
DA:9,1
DA:11,1
DA:13,5
DA:15,1
DA:16,5
DA:18,5
DA:19,24
DA:20,6
DA:22,6
DA:23,6
DA:24,6
DA:26,6
DA:28,6
DA:29,6
DA:33,1
LF:20
LH:20
BRDA:11,0,0,0
BRDA:11,0,1,1
BRF:2
BRH:1
end_of_record
